#-----------------------------------------------------------
# Vivado v2022.1 (64-bit)
# SW Build 3526262 on Mon Apr 18 15:48:16 MDT 2022
# IP Build 3524634 on Mon Apr 18 20:55:01 MDT 2022
# Start of session at: Wed Nov 30 17:38:02 2022
# Process ID: 7452
# Current directory: C:/MyApp/MIPSCPU/MJH_MIPS
# Command line: vivado.exe -gui_launcher_event rodinguilauncherevent2308 C:\MyApp\MIPSCPU\MJH_MIPS\MJH_MIPS.xpr
# Log file: C:/MyApp/MIPSCPU/MJH_MIPS/vivado.log
# Journal file: C:/MyApp/MIPSCPU/MJH_MIPS\vivado.jou
# Running On: DESKTOP-P1OF6GJ, OS: Windows, CPU Frequency: 2895 MHz, CPU Physical cores: 16, Host memory: 16555 MB
#-----------------------------------------------------------
start_gui
open_project C:/MyApp/MIPSCPU/MJH_MIPS/MJH_MIPS.xpr
WARNING: [Board 49-26] cannot add Board Part xilinx.com:kc705:part0:1.6 available at C:/MyApp/vivado/Vivado/2022.1/data/xhub/boards/XilinxBoardStore/boards/Xilinx/kc705/1.6/board.xml as part xc7k325tffg900-2 specified in board_part file is either invalid or not available
WARNING: [Board 49-26] cannot add Board Part xilinx.com:kcu105:part0:1.6 available at C:/MyApp/vivado/Vivado/2022.1/data/xhub/boards/XilinxBoardStore/boards/Xilinx/kcu105/1.6/board.xml as part xcku040-ffva1156-2-e specified in board_part file is either invalid or not available
WARNING: [Board 49-26] cannot add Board Part xilinx.com:kcu105:part0:1.7 available at C:/MyApp/vivado/Vivado/2022.1/data/xhub/boards/XilinxBoardStore/boards/Xilinx/kcu105/1.7/board.xml as part xcku040-ffva1156-2-e specified in board_part file is either invalid or not available
WARNING: [Board 49-26] cannot add Board Part xilinx.com:kcu1500:part0:1.2 available at C:/MyApp/vivado/Vivado/2022.1/data/xhub/boards/XilinxBoardStore/boards/Xilinx/kcu1500/1.2/board.xml as part xcku115-flvb2104-2-e specified in board_part file is either invalid or not available
WARNING: [Board 49-26] cannot add Board Part xilinx.com:vc707:part0:1.4 available at C:/MyApp/vivado/Vivado/2022.1/data/xhub/boards/XilinxBoardStore/boards/Xilinx/vc707/1.4/board.xml as part xc7vx485tffg1761-2 specified in board_part file is either invalid or not available
WARNING: [Board 49-26] cannot add Board Part xilinx.com:vc709:part0:1.8 available at C:/MyApp/vivado/Vivado/2022.1/data/xhub/boards/XilinxBoardStore/boards/Xilinx/vc709/1.8/board.xml as part xc7vx690tffg1761-2 specified in board_part file is either invalid or not available
WARNING: [Board 49-26] cannot add Board Part xilinx.com:vck190:part0:2.2 available at C:/MyApp/vivado/Vivado/2022.1/data/xhub/boards/XilinxBoardStore/boards/Xilinx/vck190/production/2.2/board.xml as part xcvc1902-vsva2197-2mp-e-s specified in board_part file is either invalid or not available
WARNING: [Board 49-26] cannot add Board Part xilinx.com:vck190:part0:3.0 available at C:/MyApp/vivado/Vivado/2022.1/data/xhub/boards/XilinxBoardStore/boards/Xilinx/vck190/production/3.0/board.xml as part xcvc1902-vsva2197-2mp-e-s specified in board_part file is either invalid or not available
WARNING: [Board 49-26] cannot add Board Part xilinx.com:vck190_newl:part0:1.0 available at C:/MyApp/vivado/Vivado/2022.1/data/xhub/boards/XilinxBoardStore/boards/Xilinx/vck190_newl/production/1.0/board.xml as part xcvc1902-vsva2197-2mp-e-s specified in board_part file is either invalid or not available
WARNING: [Board 49-26] cannot add Board Part xilinx.com:vcu108:part0:1.6 available at C:/MyApp/vivado/Vivado/2022.1/data/xhub/boards/XilinxBoardStore/boards/Xilinx/vcu108/1.6/board.xml as part xcvu095-ffva2104-2-e specified in board_part file is either invalid or not available
WARNING: [Board 49-26] cannot add Board Part xilinx.com:vcu108:part0:1.7 available at C:/MyApp/vivado/Vivado/2022.1/data/xhub/boards/XilinxBoardStore/boards/Xilinx/vcu108/1.7/board.xml as part xcvu095-ffva2104-2-e specified in board_part file is either invalid or not available
WARNING: [Board 49-26] cannot add Board Part xilinx.com:vcu110:part0:1.4 available at C:/MyApp/vivado/Vivado/2022.1/data/xhub/boards/XilinxBoardStore/boards/Xilinx/vcu110/1.4/board.xml as part xcvu190-flgc2104-2-e specified in board_part file is either invalid or not available
WARNING: [Board 49-26] cannot add Board Part xilinx.com:vcu118:part0:2.0 available at C:/MyApp/vivado/Vivado/2022.1/data/xhub/boards/XilinxBoardStore/boards/Xilinx/vcu118/2.0/board.xml as part xcvu9p-flga2104-2l-e specified in board_part file is either invalid or not available
WARNING: [Board 49-26] cannot add Board Part xilinx.com:vcu118:part0:2.3 available at C:/MyApp/vivado/Vivado/2022.1/data/xhub/boards/XilinxBoardStore/boards/Xilinx/vcu118/2.3/board.xml as part xcvu9p-flga2104-2l-e specified in board_part file is either invalid or not available
WARNING: [Board 49-26] cannot add Board Part xilinx.com:vcu118:part0:2.4 available at C:/MyApp/vivado/Vivado/2022.1/data/xhub/boards/XilinxBoardStore/boards/Xilinx/vcu118/2.4/board.xml as part xcvu9p-flga2104-2l-e specified in board_part file is either invalid or not available
WARNING: [Board 49-26] cannot add Board Part xilinx.com:vcu128:part0:1.0 available at C:/MyApp/vivado/Vivado/2022.1/data/xhub/boards/XilinxBoardStore/boards/Xilinx/vcu128/production/1.0/board.xml as part xcvu37p-fsvh2892-2l-e specified in board_part file is either invalid or not available
WARNING: [Board 49-26] cannot add Board Part xilinx.com:vcu129:part0:1.0 available at C:/MyApp/vivado/Vivado/2022.1/data/xhub/boards/XilinxBoardStore/boards/Xilinx/vcu129/production/1.0/board.xml as part xcvu29p-fsga2577-2l-e specified in board_part file is either invalid or not available
WARNING: [Board 49-26] cannot add Board Part xilinx.com:vcu1525:part0:1.3 available at C:/MyApp/vivado/Vivado/2022.1/data/xhub/boards/XilinxBoardStore/boards/Xilinx/vcu1525/1.3/board.xml as part xcvu9p-fsgd2104-2l-e specified in board_part file is either invalid or not available
WARNING: [Board 49-26] cannot add Board Part xilinx.com:vermeo_t1_mpsoc:part0:1.0 available at C:/MyApp/vivado/Vivado/2022.1/data/xhub/boards/XilinxBoardStore/boards/Xilinx/vermeo_t1_mpsoc/1.0/board.xml as part xczu19eg-ffvd1760-2l-e specified in board_part file is either invalid or not available
WARNING: [Board 49-26] cannot add Board Part xilinx.com:vermeo_t1_rfsoc:part0:1.0 available at C:/MyApp/vivado/Vivado/2022.1/data/xhub/boards/XilinxBoardStore/boards/Xilinx/vermeo_t1_rfsoc/1.0/board.xml as part xczu21dr-ffvd1156-2l-e specified in board_part file is either invalid or not available
WARNING: [Board 49-26] cannot add Board Part xilinx.com:vmk180:part0:2.2 available at C:/MyApp/vivado/Vivado/2022.1/data/xhub/boards/XilinxBoardStore/boards/Xilinx/vmk180/production/2.2/board.xml as part xcvm1802-vsva2197-2mp-e-s specified in board_part file is either invalid or not available
WARNING: [Board 49-26] cannot add Board Part xilinx.com:vmk180:part0:3.0 available at C:/MyApp/vivado/Vivado/2022.1/data/xhub/boards/XilinxBoardStore/boards/Xilinx/vmk180/production/3.0/board.xml as part xcvm1802-vsva2197-2mp-e-s specified in board_part file is either invalid or not available
WARNING: [Board 49-26] cannot add Board Part xilinx.com:vmk180_newl:part0:1.0 available at C:/MyApp/vivado/Vivado/2022.1/data/xhub/boards/XilinxBoardStore/boards/Xilinx/vmk180_newl/production/1.0/board.xml as part xcvm1802-vsva2197-2mp-e-s specified in board_part file is either invalid or not available
WARNING: [Board 49-26] cannot add Board Part xilinx.com:vpk120_es:part0:1.2 available at C:/MyApp/vivado/Vivado/2022.1/data/xhub/boards/XilinxBoardStore/boards/Xilinx/vpk120/es/1.2/board.xml as part xcvp1202-vsva2785-2mp-e-s-es1 specified in board_part file is either invalid or not available
WARNING: [Board 49-26] cannot add Board Part xilinx.com:vpk120_es_revb:part0:1.0 available at C:/MyApp/vivado/Vivado/2022.1/data/xhub/boards/XilinxBoardStore/boards/Xilinx/vpk120_revb/es/1.0/board.xml as part xcvp1202-vsva2785-2mp-e-s-es1 specified in board_part file is either invalid or not available
WARNING: [Board 49-26] cannot add Board Part xilinx.com:zc706:part0:1.4 available at C:/MyApp/vivado/Vivado/2022.1/data/xhub/boards/XilinxBoardStore/boards/Xilinx/zc706/1.4/board.xml as part xc7z045ffg900-2 specified in board_part file is either invalid or not available
WARNING: [Board 49-26] cannot add Board Part xilinx.com:zcu102:part0:3.3 available at C:/MyApp/vivado/Vivado/2022.1/data/xhub/boards/XilinxBoardStore/boards/Xilinx/zcu102/3.3/board.xml as part xczu9eg-ffvb1156-2-e specified in board_part file is either invalid or not available
WARNING: [Board 49-26] cannot add Board Part xilinx.com:zcu102:part0:3.4 available at C:/MyApp/vivado/Vivado/2022.1/data/xhub/boards/XilinxBoardStore/boards/Xilinx/zcu102/3.4/board.xml as part xczu9eg-ffvb1156-2-e specified in board_part file is either invalid or not available
WARNING: [Board 49-26] cannot add Board Part xilinx.com:zcu111:part0:1.2 available at C:/MyApp/vivado/Vivado/2022.1/data/xhub/boards/XilinxBoardStore/boards/Xilinx/zcu111/1.2/board.xml as part xczu28dr-ffvg1517-2-e specified in board_part file is either invalid or not available
WARNING: [Board 49-26] cannot add Board Part xilinx.com:zcu111:part0:1.3 available at C:/MyApp/vivado/Vivado/2022.1/data/xhub/boards/XilinxBoardStore/boards/Xilinx/zcu111/1.3/board.xml as part xczu28dr-ffvg1517-2-e specified in board_part file is either invalid or not available
WARNING: [Board 49-26] cannot add Board Part xilinx.com:zcu111:part0:1.4 available at C:/MyApp/vivado/Vivado/2022.1/data/xhub/boards/XilinxBoardStore/boards/Xilinx/zcu111/1.4/board.xml as part xczu28dr-ffvg1517-2-e specified in board_part file is either invalid or not available
WARNING: [Board 49-26] cannot add Board Part xilinx.com:zcu1275:part0:1.0 available at C:/MyApp/vivado/Vivado/2022.1/data/xhub/boards/XilinxBoardStore/boards/Xilinx/zcu1275/1.0/board.xml as part xczu29dr-ffvf1760-2-e specified in board_part file is either invalid or not available
WARNING: [Board 49-26] cannot add Board Part xilinx.com:zcu1285:part0:1.0 available at C:/MyApp/vivado/Vivado/2022.1/data/xhub/boards/XilinxBoardStore/boards/Xilinx/zcu1285/1.0/board.xml as part xczu39dr-ffvf1760-2-i specified in board_part file is either invalid or not available
WARNING: [Board 49-26] cannot add Board Part xilinx.com:zcu208:part0:2.0 available at C:/MyApp/vivado/Vivado/2022.1/data/xhub/boards/XilinxBoardStore/boards/Xilinx/zcu208/production/2.0/board.xml as part xczu48dr-fsvg1517-2-e specified in board_part file is either invalid or not available
WARNING: [Board 49-26] cannot add Board Part xilinx.com:zcu208ld:part0:2.0 available at C:/MyApp/vivado/Vivado/2022.1/data/xhub/boards/XilinxBoardStore/boards/Xilinx/zcu208ld/production/2.0/board.xml as part xczu58dr-fsvg1517-2-i specified in board_part file is either invalid or not available
WARNING: [Board 49-26] cannot add Board Part xilinx.com:zcu216:part0:2.0 available at C:/MyApp/vivado/Vivado/2022.1/data/xhub/boards/XilinxBoardStore/boards/Xilinx/zcu216/production/2.0/board.xml as part xczu49dr-ffvf1760-2-e specified in board_part file is either invalid or not available
WARNING: [Board 49-26] cannot add Board Part xilinx.com:zcu216ld:part0:2.0 available at C:/MyApp/vivado/Vivado/2022.1/data/xhub/boards/XilinxBoardStore/boards/Xilinx/zcu216ld/production/2.0/board.xml as part xczu59dr-ffvf1760-2-i specified in board_part file is either invalid or not available
WARNING: [Board 49-26] cannot add Board Part xilinx.com:zcu670:part0:2.0 available at C:/MyApp/vivado/Vivado/2022.1/data/xhub/boards/XilinxBoardStore/boards/Xilinx/zcu670/2.0/board.xml as part xczu67dr-fsve1156-2-i specified in board_part file is either invalid or not available
WARNING: [Board 49-26] cannot add Board Part xilinx.com:zcu670ld:part0:1.0 available at C:/MyApp/vivado/Vivado/2022.1/data/xhub/boards/XilinxBoardStore/boards/Xilinx/zcu670ld/1.0/board.xml as part xczu57dr-fsve1156-2-i specified in board_part file is either invalid or not available
INFO: [filemgmt 56-3] Default IP Output Path : Could not find the directory 'C:/MyApp/MIPSCPU/MJH_MIPS/MJH_MIPS.gen/sources_1'.
Scanning sources...
Finished scanning sources
INFO: [IP_Flow 19-234] Refreshing IP repositories
INFO: [IP_Flow 19-1704] No user IP repositories specified
INFO: [IP_Flow 19-2313] Loaded Vivado IP repository 'C:/MyApp/vivado/Vivado/2022.1/data/ip'.
open_project: Time (s): cpu = 00:00:17 ; elapsed = 00:00:07 . Memory (MB): peak = 1236.320 ; gain = 0.000
update_compile_order -fileset sources_1
synth_design -rtl -rtl_skip_mlo -name rtl_1
Command: synth_design -rtl -rtl_skip_mlo -name rtl_1
Starting synth_design
Using part: xc7a35tcsg324-1
Top: core_min_sosp
INFO: [Device 21-403] Loading part xc7a35tcsg324-1
WARNING: [Synth 8-1849] concatenation with unsized literal; will interpret as 32 bits [C:/MyApp/MIPSCPU/MJH_MIPS/MJH_MIPS.srcs/sources_1/new/div.v:45]
---------------------------------------------------------------------------------
Starting RTL Elaboration : Time (s): cpu = 00:00:06 ; elapsed = 00:00:05 . Memory (MB): peak = 1832.438 ; gain = 391.188
---------------------------------------------------------------------------------
INFO: [Synth 8-6157] synthesizing module 'core_min_sosp' [C:/MyApp/MIPSCPU/MJH_MIPS/MJH_MIPS.srcs/sources_1/new/core_min_sosp.v:23]
INFO: [Synth 8-6157] synthesizing module 'core' [C:/MyApp/MIPSCPU/MJH_MIPS/MJH_MIPS.srcs/sources_1/new/core.v:23]
INFO: [Synth 8-6157] synthesizing module 'pc_reg' [C:/MyApp/MIPSCPU/MJH_MIPS/MJH_MIPS.srcs/sources_1/new/pc_reg.v:23]
INFO: [Synth 8-6155] done synthesizing module 'pc_reg' (0#1) [C:/MyApp/MIPSCPU/MJH_MIPS/MJH_MIPS.srcs/sources_1/new/pc_reg.v:23]
INFO: [Synth 8-6157] synthesizing module 'if_id' [C:/MyApp/MIPSCPU/MJH_MIPS/MJH_MIPS.srcs/sources_1/new/if_id.v:23]
INFO: [Synth 8-6155] done synthesizing module 'if_id' (0#1) [C:/MyApp/MIPSCPU/MJH_MIPS/MJH_MIPS.srcs/sources_1/new/if_id.v:23]
INFO: [Synth 8-6157] synthesizing module 'id' [C:/MyApp/MIPSCPU/MJH_MIPS/MJH_MIPS.srcs/sources_1/new/id.v:23]
INFO: [Synth 8-6155] done synthesizing module 'id' (0#1) [C:/MyApp/MIPSCPU/MJH_MIPS/MJH_MIPS.srcs/sources_1/new/id.v:23]
INFO: [Synth 8-6157] synthesizing module 'regfile' [C:/MyApp/MIPSCPU/MJH_MIPS/MJH_MIPS.srcs/sources_1/new/regfile.v:23]
INFO: [Synth 8-6155] done synthesizing module 'regfile' (0#1) [C:/MyApp/MIPSCPU/MJH_MIPS/MJH_MIPS.srcs/sources_1/new/regfile.v:23]
INFO: [Synth 8-6157] synthesizing module 'id_ex' [C:/MyApp/MIPSCPU/MJH_MIPS/MJH_MIPS.srcs/sources_1/new/id_ex.v:24]
INFO: [Synth 8-6155] done synthesizing module 'id_ex' (0#1) [C:/MyApp/MIPSCPU/MJH_MIPS/MJH_MIPS.srcs/sources_1/new/id_ex.v:24]
INFO: [Synth 8-6157] synthesizing module 'ex' [C:/MyApp/MIPSCPU/MJH_MIPS/MJH_MIPS.srcs/sources_1/new/ex.v:23]
INFO: [Synth 8-6155] done synthesizing module 'ex' (0#1) [C:/MyApp/MIPSCPU/MJH_MIPS/MJH_MIPS.srcs/sources_1/new/ex.v:23]
INFO: [Synth 8-6157] synthesizing module 'ex_mem' [C:/MyApp/MIPSCPU/MJH_MIPS/MJH_MIPS.srcs/sources_1/new/ex_mem.v:24]
INFO: [Synth 8-6155] done synthesizing module 'ex_mem' (0#1) [C:/MyApp/MIPSCPU/MJH_MIPS/MJH_MIPS.srcs/sources_1/new/ex_mem.v:24]
INFO: [Synth 8-6157] synthesizing module 'mem' [C:/MyApp/MIPSCPU/MJH_MIPS/MJH_MIPS.srcs/sources_1/new/mem.v:23]
INFO: [Synth 8-226] default block is never used [C:/MyApp/MIPSCPU/MJH_MIPS/MJH_MIPS.srcs/sources_1/new/mem.v:239]
INFO: [Synth 8-226] default block is never used [C:/MyApp/MIPSCPU/MJH_MIPS/MJH_MIPS.srcs/sources_1/new/mem.v:265]
INFO: [Synth 8-226] default block is never used [C:/MyApp/MIPSCPU/MJH_MIPS/MJH_MIPS.srcs/sources_1/new/mem.v:381]
INFO: [Synth 8-226] default block is never used [C:/MyApp/MIPSCPU/MJH_MIPS/MJH_MIPS.srcs/sources_1/new/mem.v:481]
INFO: [Synth 8-6155] done synthesizing module 'mem' (0#1) [C:/MyApp/MIPSCPU/MJH_MIPS/MJH_MIPS.srcs/sources_1/new/mem.v:23]
INFO: [Synth 8-6157] synthesizing module 'mem_wb' [C:/MyApp/MIPSCPU/MJH_MIPS/MJH_MIPS.srcs/sources_1/new/mem_wb.v:23]
INFO: [Synth 8-6155] done synthesizing module 'mem_wb' (0#1) [C:/MyApp/MIPSCPU/MJH_MIPS/MJH_MIPS.srcs/sources_1/new/mem_wb.v:23]
INFO: [Synth 8-6157] synthesizing module 'LLbit_reg' [C:/MyApp/MIPSCPU/MJH_MIPS/MJH_MIPS.srcs/sources_1/new/LLbit_reg.v:23]
INFO: [Synth 8-6155] done synthesizing module 'LLbit_reg' (0#1) [C:/MyApp/MIPSCPU/MJH_MIPS/MJH_MIPS.srcs/sources_1/new/LLbit_reg.v:23]
INFO: [Synth 8-6157] synthesizing module 'hilo_reg' [C:/MyApp/MIPSCPU/MJH_MIPS/MJH_MIPS.srcs/sources_1/new/hilo_reg.v:23]
INFO: [Synth 8-6155] done synthesizing module 'hilo_reg' (0#1) [C:/MyApp/MIPSCPU/MJH_MIPS/MJH_MIPS.srcs/sources_1/new/hilo_reg.v:23]
INFO: [Synth 8-6157] synthesizing module 'ctrl' [C:/MyApp/MIPSCPU/MJH_MIPS/MJH_MIPS.srcs/sources_1/new/ctrl.v:23]
INFO: [Synth 8-6155] done synthesizing module 'ctrl' (0#1) [C:/MyApp/MIPSCPU/MJH_MIPS/MJH_MIPS.srcs/sources_1/new/ctrl.v:23]
INFO: [Synth 8-6157] synthesizing module 'div' [C:/MyApp/MIPSCPU/MJH_MIPS/MJH_MIPS.srcs/sources_1/new/div.v:23]
INFO: [Synth 8-6155] done synthesizing module 'div' (0#1) [C:/MyApp/MIPSCPU/MJH_MIPS/MJH_MIPS.srcs/sources_1/new/div.v:23]
INFO: [Synth 8-6157] synthesizing module 'cp0_reg' [C:/MyApp/MIPSCPU/MJH_MIPS/MJH_MIPS.srcs/sources_1/new/cp0_reg.v:23]
INFO: [Synth 8-155] case statement is not full and has no default [C:/MyApp/MIPSCPU/MJH_MIPS/MJH_MIPS.srcs/sources_1/new/cp0_reg.v:74]
INFO: [Synth 8-6155] done synthesizing module 'cp0_reg' (0#1) [C:/MyApp/MIPSCPU/MJH_MIPS/MJH_MIPS.srcs/sources_1/new/cp0_reg.v:23]
INFO: [Synth 8-6155] done synthesizing module 'core' (0#1) [C:/MyApp/MIPSCPU/MJH_MIPS/MJH_MIPS.srcs/sources_1/new/core.v:23]
INFO: [Synth 8-6157] synthesizing module 'inst_rom' [C:/MyApp/MIPSCPU/MJH_MIPS/MJH_MIPS.srcs/sources_1/new/inst_rom.v:23]
INFO: [Synth 8-3876] $readmem data file 'C:/MyApp/MIPSCPU/MJH_MIPS/inst_rom.data' is read successfully [C:/MyApp/MIPSCPU/MJH_MIPS/MJH_MIPS.srcs/sources_1/new/inst_rom.v:30]
INFO: [Synth 8-6155] done synthesizing module 'inst_rom' (0#1) [C:/MyApp/MIPSCPU/MJH_MIPS/MJH_MIPS.srcs/sources_1/new/inst_rom.v:23]
INFO: [Synth 8-6157] synthesizing module 'data_ram' [C:/MyApp/MIPSCPU/MJH_MIPS/MJH_MIPS.srcs/sources_1/new/data_ram.v:23]
INFO: [Synth 8-3876] $readmem data file 'C:/MyApp/MIPSCPU/MJH_MIPS/data_ram.data' is read successfully [C:/MyApp/MIPSCPU/MJH_MIPS/MJH_MIPS.srcs/sources_1/new/data_ram.v:37]
INFO: [Synth 8-6155] done synthesizing module 'data_ram' (0#1) [C:/MyApp/MIPSCPU/MJH_MIPS/MJH_MIPS.srcs/sources_1/new/data_ram.v:23]
INFO: [Synth 8-6155] done synthesizing module 'core_min_sosp' (0#1) [C:/MyApp/MIPSCPU/MJH_MIPS/MJH_MIPS.srcs/sources_1/new/core_min_sosp.v:23]
WARNING: [Synth 8-6014] Unused sequential element temp_op1_reg was removed.  [C:/MyApp/MIPSCPU/MJH_MIPS/MJH_MIPS.srcs/sources_1/new/div.v:66]
WARNING: [Synth 8-3848] Net inst_mem[27] in module/entity inst_rom does not have driver. [C:/MyApp/MIPSCPU/MJH_MIPS/MJH_MIPS.srcs/sources_1/new/inst_rom.v:28]
WARNING: [Synth 8-3848] Net inst_mem[28] in module/entity inst_rom does not have driver. [C:/MyApp/MIPSCPU/MJH_MIPS/MJH_MIPS.srcs/sources_1/new/inst_rom.v:28]
WARNING: [Synth 8-3848] Net inst_mem[29] in module/entity inst_rom does not have driver. [C:/MyApp/MIPSCPU/MJH_MIPS/MJH_MIPS.srcs/sources_1/new/inst_rom.v:28]
WARNING: [Synth 8-3848] Net inst_mem[30] in module/entity inst_rom does not have driver. [C:/MyApp/MIPSCPU/MJH_MIPS/MJH_MIPS.srcs/sources_1/new/inst_rom.v:28]
WARNING: [Synth 8-3848] Net inst_mem[31] in module/entity inst_rom does not have driver. [C:/MyApp/MIPSCPU/MJH_MIPS/MJH_MIPS.srcs/sources_1/new/inst_rom.v:28]
WARNING: [Synth 8-3848] Net inst_mem[32] in module/entity inst_rom does not have driver. [C:/MyApp/MIPSCPU/MJH_MIPS/MJH_MIPS.srcs/sources_1/new/inst_rom.v:28]
WARNING: [Synth 8-3848] Net inst_mem[33] in module/entity inst_rom does not have driver. [C:/MyApp/MIPSCPU/MJH_MIPS/MJH_MIPS.srcs/sources_1/new/inst_rom.v:28]
WARNING: [Synth 8-3848] Net inst_mem[34] in module/entity inst_rom does not have driver. [C:/MyApp/MIPSCPU/MJH_MIPS/MJH_MIPS.srcs/sources_1/new/inst_rom.v:28]
WARNING: [Synth 8-3848] Net inst_mem[35] in module/entity inst_rom does not have driver. [C:/MyApp/MIPSCPU/MJH_MIPS/MJH_MIPS.srcs/sources_1/new/inst_rom.v:28]
WARNING: [Synth 8-3848] Net inst_mem[36] in module/entity inst_rom does not have driver. [C:/MyApp/MIPSCPU/MJH_MIPS/MJH_MIPS.srcs/sources_1/new/inst_rom.v:28]
WARNING: [Synth 8-3848] Net inst_mem[37] in module/entity inst_rom does not have driver. [C:/MyApp/MIPSCPU/MJH_MIPS/MJH_MIPS.srcs/sources_1/new/inst_rom.v:28]
WARNING: [Synth 8-3848] Net inst_mem[38] in module/entity inst_rom does not have driver. [C:/MyApp/MIPSCPU/MJH_MIPS/MJH_MIPS.srcs/sources_1/new/inst_rom.v:28]
WARNING: [Synth 8-3848] Net inst_mem[39] in module/entity inst_rom does not have driver. [C:/MyApp/MIPSCPU/MJH_MIPS/MJH_MIPS.srcs/sources_1/new/inst_rom.v:28]
WARNING: [Synth 8-3848] Net inst_mem[40] in module/entity inst_rom does not have driver. [C:/MyApp/MIPSCPU/MJH_MIPS/MJH_MIPS.srcs/sources_1/new/inst_rom.v:28]
WARNING: [Synth 8-3848] Net inst_mem[41] in module/entity inst_rom does not have driver. [C:/MyApp/MIPSCPU/MJH_MIPS/MJH_MIPS.srcs/sources_1/new/inst_rom.v:28]
WARNING: [Synth 8-3848] Net inst_mem[42] in module/entity inst_rom does not have driver. [C:/MyApp/MIPSCPU/MJH_MIPS/MJH_MIPS.srcs/sources_1/new/inst_rom.v:28]
WARNING: [Synth 8-3848] Net inst_mem[43] in module/entity inst_rom does not have driver. [C:/MyApp/MIPSCPU/MJH_MIPS/MJH_MIPS.srcs/sources_1/new/inst_rom.v:28]
WARNING: [Synth 8-3848] Net inst_mem[44] in module/entity inst_rom does not have driver. [C:/MyApp/MIPSCPU/MJH_MIPS/MJH_MIPS.srcs/sources_1/new/inst_rom.v:28]
WARNING: [Synth 8-3848] Net inst_mem[45] in module/entity inst_rom does not have driver. [C:/MyApp/MIPSCPU/MJH_MIPS/MJH_MIPS.srcs/sources_1/new/inst_rom.v:28]
WARNING: [Synth 8-3848] Net inst_mem[46] in module/entity inst_rom does not have driver. [C:/MyApp/MIPSCPU/MJH_MIPS/MJH_MIPS.srcs/sources_1/new/inst_rom.v:28]
WARNING: [Synth 8-3848] Net inst_mem[47] in module/entity inst_rom does not have driver. [C:/MyApp/MIPSCPU/MJH_MIPS/MJH_MIPS.srcs/sources_1/new/inst_rom.v:28]
WARNING: [Synth 8-3848] Net inst_mem[48] in module/entity inst_rom does not have driver. [C:/MyApp/MIPSCPU/MJH_MIPS/MJH_MIPS.srcs/sources_1/new/inst_rom.v:28]
WARNING: [Synth 8-3848] Net inst_mem[49] in module/entity inst_rom does not have driver. [C:/MyApp/MIPSCPU/MJH_MIPS/MJH_MIPS.srcs/sources_1/new/inst_rom.v:28]
WARNING: [Synth 8-3848] Net inst_mem[50] in module/entity inst_rom does not have driver. [C:/MyApp/MIPSCPU/MJH_MIPS/MJH_MIPS.srcs/sources_1/new/inst_rom.v:28]
WARNING: [Synth 8-3848] Net inst_mem[51] in module/entity inst_rom does not have driver. [C:/MyApp/MIPSCPU/MJH_MIPS/MJH_MIPS.srcs/sources_1/new/inst_rom.v:28]
WARNING: [Synth 8-3848] Net inst_mem[52] in module/entity inst_rom does not have driver. [C:/MyApp/MIPSCPU/MJH_MIPS/MJH_MIPS.srcs/sources_1/new/inst_rom.v:28]
WARNING: [Synth 8-3848] Net inst_mem[53] in module/entity inst_rom does not have driver. [C:/MyApp/MIPSCPU/MJH_MIPS/MJH_MIPS.srcs/sources_1/new/inst_rom.v:28]
WARNING: [Synth 8-3848] Net inst_mem[54] in module/entity inst_rom does not have driver. [C:/MyApp/MIPSCPU/MJH_MIPS/MJH_MIPS.srcs/sources_1/new/inst_rom.v:28]
WARNING: [Synth 8-3848] Net inst_mem[55] in module/entity inst_rom does not have driver. [C:/MyApp/MIPSCPU/MJH_MIPS/MJH_MIPS.srcs/sources_1/new/inst_rom.v:28]
WARNING: [Synth 8-3848] Net inst_mem[56] in module/entity inst_rom does not have driver. [C:/MyApp/MIPSCPU/MJH_MIPS/MJH_MIPS.srcs/sources_1/new/inst_rom.v:28]
WARNING: [Synth 8-3848] Net inst_mem[57] in module/entity inst_rom does not have driver. [C:/MyApp/MIPSCPU/MJH_MIPS/MJH_MIPS.srcs/sources_1/new/inst_rom.v:28]
WARNING: [Synth 8-3848] Net inst_mem[58] in module/entity inst_rom does not have driver. [C:/MyApp/MIPSCPU/MJH_MIPS/MJH_MIPS.srcs/sources_1/new/inst_rom.v:28]
WARNING: [Synth 8-3848] Net inst_mem[59] in module/entity inst_rom does not have driver. [C:/MyApp/MIPSCPU/MJH_MIPS/MJH_MIPS.srcs/sources_1/new/inst_rom.v:28]
WARNING: [Synth 8-3848] Net inst_mem[60] in module/entity inst_rom does not have driver. [C:/MyApp/MIPSCPU/MJH_MIPS/MJH_MIPS.srcs/sources_1/new/inst_rom.v:28]
WARNING: [Synth 8-3848] Net inst_mem[61] in module/entity inst_rom does not have driver. [C:/MyApp/MIPSCPU/MJH_MIPS/MJH_MIPS.srcs/sources_1/new/inst_rom.v:28]
WARNING: [Synth 8-3848] Net inst_mem[62] in module/entity inst_rom does not have driver. [C:/MyApp/MIPSCPU/MJH_MIPS/MJH_MIPS.srcs/sources_1/new/inst_rom.v:28]
WARNING: [Synth 8-3848] Net inst_mem[63] in module/entity inst_rom does not have driver. [C:/MyApp/MIPSCPU/MJH_MIPS/MJH_MIPS.srcs/sources_1/new/inst_rom.v:28]
WARNING: [Synth 8-3917] design core_min_sosp has port an[3] driven by constant 0
WARNING: [Synth 8-7129] Port addr[31] in module data_ram is either unconnected or has no load
WARNING: [Synth 8-7129] Port addr[30] in module data_ram is either unconnected or has no load
WARNING: [Synth 8-7129] Port addr[29] in module data_ram is either unconnected or has no load
WARNING: [Synth 8-7129] Port addr[28] in module data_ram is either unconnected or has no load
WARNING: [Synth 8-7129] Port addr[27] in module data_ram is either unconnected or has no load
WARNING: [Synth 8-7129] Port addr[26] in module data_ram is either unconnected or has no load
WARNING: [Synth 8-7129] Port addr[25] in module data_ram is either unconnected or has no load
WARNING: [Synth 8-7129] Port addr[24] in module data_ram is either unconnected or has no load
WARNING: [Synth 8-7129] Port addr[23] in module data_ram is either unconnected or has no load
WARNING: [Synth 8-7129] Port addr[22] in module data_ram is either unconnected or has no load
WARNING: [Synth 8-7129] Port addr[21] in module data_ram is either unconnected or has no load
WARNING: [Synth 8-7129] Port addr[20] in module data_ram is either unconnected or has no load
WARNING: [Synth 8-7129] Port addr[19] in module data_ram is either unconnected or has no load
WARNING: [Synth 8-7129] Port addr[18] in module data_ram is either unconnected or has no load
WARNING: [Synth 8-7129] Port addr[17] in module data_ram is either unconnected or has no load
WARNING: [Synth 8-7129] Port addr[16] in module data_ram is either unconnected or has no load
WARNING: [Synth 8-7129] Port addr[15] in module data_ram is either unconnected or has no load
WARNING: [Synth 8-7129] Port addr[14] in module data_ram is either unconnected or has no load
WARNING: [Synth 8-7129] Port addr[13] in module data_ram is either unconnected or has no load
WARNING: [Synth 8-7129] Port addr[12] in module data_ram is either unconnected or has no load
WARNING: [Synth 8-7129] Port addr[11] in module data_ram is either unconnected or has no load
WARNING: [Synth 8-7129] Port addr[10] in module data_ram is either unconnected or has no load
WARNING: [Synth 8-7129] Port addr[9] in module data_ram is either unconnected or has no load
WARNING: [Synth 8-7129] Port addr[8] in module data_ram is either unconnected or has no load
WARNING: [Synth 8-7129] Port addr[1] in module data_ram is either unconnected or has no load
WARNING: [Synth 8-7129] Port addr[0] in module data_ram is either unconnected or has no load
WARNING: [Synth 8-7129] Port addr[31] in module inst_rom is either unconnected or has no load
WARNING: [Synth 8-7129] Port addr[30] in module inst_rom is either unconnected or has no load
WARNING: [Synth 8-7129] Port addr[29] in module inst_rom is either unconnected or has no load
WARNING: [Synth 8-7129] Port addr[28] in module inst_rom is either unconnected or has no load
WARNING: [Synth 8-7129] Port addr[27] in module inst_rom is either unconnected or has no load
WARNING: [Synth 8-7129] Port addr[26] in module inst_rom is either unconnected or has no load
WARNING: [Synth 8-7129] Port addr[25] in module inst_rom is either unconnected or has no load
WARNING: [Synth 8-7129] Port addr[24] in module inst_rom is either unconnected or has no load
WARNING: [Synth 8-7129] Port addr[23] in module inst_rom is either unconnected or has no load
WARNING: [Synth 8-7129] Port addr[22] in module inst_rom is either unconnected or has no load
WARNING: [Synth 8-7129] Port addr[21] in module inst_rom is either unconnected or has no load
WARNING: [Synth 8-7129] Port addr[20] in module inst_rom is either unconnected or has no load
WARNING: [Synth 8-7129] Port addr[19] in module inst_rom is either unconnected or has no load
WARNING: [Synth 8-7129] Port addr[18] in module inst_rom is either unconnected or has no load
WARNING: [Synth 8-7129] Port addr[17] in module inst_rom is either unconnected or has no load
WARNING: [Synth 8-7129] Port addr[16] in module inst_rom is either unconnected or has no load
WARNING: [Synth 8-7129] Port addr[15] in module inst_rom is either unconnected or has no load
WARNING: [Synth 8-7129] Port addr[14] in module inst_rom is either unconnected or has no load
WARNING: [Synth 8-7129] Port addr[13] in module inst_rom is either unconnected or has no load
WARNING: [Synth 8-7129] Port addr[12] in module inst_rom is either unconnected or has no load
WARNING: [Synth 8-7129] Port addr[11] in module inst_rom is either unconnected or has no load
WARNING: [Synth 8-7129] Port addr[10] in module inst_rom is either unconnected or has no load
WARNING: [Synth 8-7129] Port addr[9] in module inst_rom is either unconnected or has no load
WARNING: [Synth 8-7129] Port addr[8] in module inst_rom is either unconnected or has no load
WARNING: [Synth 8-7129] Port addr[1] in module inst_rom is either unconnected or has no load
WARNING: [Synth 8-7129] Port addr[0] in module inst_rom is either unconnected or has no load
WARNING: [Synth 8-7129] Port stall[3] in module mem_wb is either unconnected or has no load
WARNING: [Synth 8-7129] Port stall[2] in module mem_wb is either unconnected or has no load
WARNING: [Synth 8-7129] Port stall[1] in module mem_wb is either unconnected or has no load
WARNING: [Synth 8-7129] Port stall[0] in module mem_wb is either unconnected or has no load
WARNING: [Synth 8-7129] Port excepttype_i[31] in module mem is either unconnected or has no load
WARNING: [Synth 8-7129] Port excepttype_i[30] in module mem is either unconnected or has no load
WARNING: [Synth 8-7129] Port excepttype_i[29] in module mem is either unconnected or has no load
WARNING: [Synth 8-7129] Port excepttype_i[28] in module mem is either unconnected or has no load
WARNING: [Synth 8-7129] Port excepttype_i[27] in module mem is either unconnected or has no load
WARNING: [Synth 8-7129] Port excepttype_i[26] in module mem is either unconnected or has no load
WARNING: [Synth 8-7129] Port excepttype_i[25] in module mem is either unconnected or has no load
WARNING: [Synth 8-7129] Port excepttype_i[24] in module mem is either unconnected or has no load
WARNING: [Synth 8-7129] Port excepttype_i[23] in module mem is either unconnected or has no load
WARNING: [Synth 8-7129] Port excepttype_i[22] in module mem is either unconnected or has no load
WARNING: [Synth 8-7129] Port excepttype_i[21] in module mem is either unconnected or has no load
WARNING: [Synth 8-7129] Port excepttype_i[20] in module mem is either unconnected or has no load
WARNING: [Synth 8-7129] Port excepttype_i[19] in module mem is either unconnected or has no load
WARNING: [Synth 8-7129] Port excepttype_i[18] in module mem is either unconnected or has no load
WARNING: [Synth 8-7129] Port excepttype_i[17] in module mem is either unconnected or has no load
WARNING: [Synth 8-7129] Port excepttype_i[16] in module mem is either unconnected or has no load
WARNING: [Synth 8-7129] Port excepttype_i[15] in module mem is either unconnected or has no load
WARNING: [Synth 8-7129] Port excepttype_i[14] in module mem is either unconnected or has no load
WARNING: [Synth 8-7129] Port excepttype_i[13] in module mem is either unconnected or has no load
WARNING: [Synth 8-7129] Port excepttype_i[7] in module mem is either unconnected or has no load
WARNING: [Synth 8-7129] Port excepttype_i[6] in module mem is either unconnected or has no load
WARNING: [Synth 8-7129] Port excepttype_i[5] in module mem is either unconnected or has no load
WARNING: [Synth 8-7129] Port excepttype_i[4] in module mem is either unconnected or has no load
WARNING: [Synth 8-7129] Port excepttype_i[3] in module mem is either unconnected or has no load
WARNING: [Synth 8-7129] Port excepttype_i[2] in module mem is either unconnected or has no load
WARNING: [Synth 8-7129] Port excepttype_i[1] in module mem is either unconnected or has no load
WARNING: [Synth 8-7129] Port excepttype_i[0] in module mem is either unconnected or has no load
WARNING: [Synth 8-7129] Port stall[5] in module ex_mem is either unconnected or has no load
WARNING: [Synth 8-7129] Port stall[2] in module ex_mem is either unconnected or has no load
WARNING: [Synth 8-7129] Port stall[1] in module ex_mem is either unconnected or has no load
WARNING: [Synth 8-7129] Port stall[0] in module ex_mem is either unconnected or has no load
WARNING: [Synth 8-7129] Port link_address_i[31] in module ex is either unconnected or has no load
WARNING: [Synth 8-7129] Port link_address_i[30] in module ex is either unconnected or has no load
WARNING: [Synth 8-7129] Port link_address_i[29] in module ex is either unconnected or has no load
WARNING: [Synth 8-7129] Port link_address_i[28] in module ex is either unconnected or has no load
WARNING: [Synth 8-7129] Port link_address_i[27] in module ex is either unconnected or has no load
WARNING: [Synth 8-7129] Port link_address_i[26] in module ex is either unconnected or has no load
WARNING: [Synth 8-7129] Port link_address_i[25] in module ex is either unconnected or has no load
WARNING: [Synth 8-7129] Port link_address_i[24] in module ex is either unconnected or has no load
WARNING: [Synth 8-7129] Port link_address_i[23] in module ex is either unconnected or has no load
WARNING: [Synth 8-7129] Port link_address_i[22] in module ex is either unconnected or has no load
WARNING: [Synth 8-7129] Port link_address_i[21] in module ex is either unconnected or has no load
WARNING: [Synth 8-7129] Port link_address_i[20] in module ex is either unconnected or has no load
WARNING: [Synth 8-7129] Port link_address_i[19] in module ex is either unconnected or has no load
INFO: [Common 17-14] Message 'Synth 8-7129' appears 100 times and further instances of the messages will be disabled. Use the Tcl command set_msg_config to change the current settings.
---------------------------------------------------------------------------------
Finished RTL Elaboration : Time (s): cpu = 00:00:08 ; elapsed = 00:00:07 . Memory (MB): peak = 1931.695 ; gain = 490.445
---------------------------------------------------------------------------------
---------------------------------------------------------------------------------
Start Handling Custom Attributes
---------------------------------------------------------------------------------
---------------------------------------------------------------------------------
Finished Handling Custom Attributes : Time (s): cpu = 00:00:08 ; elapsed = 00:00:08 . Memory (MB): peak = 1931.695 ; gain = 490.445
---------------------------------------------------------------------------------
---------------------------------------------------------------------------------
Finished RTL Optimization Phase 1 : Time (s): cpu = 00:00:08 ; elapsed = 00:00:08 . Memory (MB): peak = 1931.695 ; gain = 490.445
---------------------------------------------------------------------------------
Netlist sorting complete. Time (s): cpu = 00:00:00 ; elapsed = 00:00:00.124 . Memory (MB): peak = 1931.695 ; gain = 0.000
INFO: [Project 1-570] Preparing netlist for logic optimization

Processing XDC Constraints
Initializing timing engine
Parsing XDC File [C:/MyApp/MIPSCPU/fpgaol2.xdc]
Finished Parsing XDC File [C:/MyApp/MIPSCPU/fpgaol2.xdc]
Completed Processing XDC Constraints

Netlist sorting complete. Time (s): cpu = 00:00:00 ; elapsed = 00:00:00.001 . Memory (MB): peak = 2008.801 ; gain = 0.000
INFO: [Project 1-111] Unisim Transformation Summary:
No Unisim elements were transformed.

RTL Elaboration Complete:  : Time (s): cpu = 00:00:20 ; elapsed = 00:00:12 . Memory (MB): peak = 2102.129 ; gain = 660.879
47 Infos, 140 Warnings, 0 Critical Warnings and 0 Errors encountered.
synth_design completed successfully
synth_design: Time (s): cpu = 00:00:23 ; elapsed = 00:00:22 . Memory (MB): peak = 2102.129 ; gain = 865.809
exit
INFO: [Common 17-206] Exiting Vivado at Wed Nov 30 17:39:58 2022...
