#-----------------------------------------------------------
# Vivado v2022.1 (64-bit)
# SW Build 3526262 on Mon Apr 18 15:48:16 MDT 2022
# IP Build 3524634 on Mon Apr 18 20:55:01 MDT 2022
# Start of session at: Thu Dec  1 15:17:31 2022
# Process ID: 14072
# Current directory: C:/MyApp/MIPSCPU/MIPSCORE/mipsc
# Command line: vivado.exe -gui_launcher_event rodinguilauncherevent18340 C:\MyApp\MIPSCPU\MIPSCORE\mipsc\mipsc.xpr
# Log file: C:/MyApp/MIPSCPU/MIPSCORE/mipsc/vivado.log
# Journal file: C:/MyApp/MIPSCPU/MIPSCORE/mipsc\vivado.jou
# Running On: DESKTOP-P1OF6GJ, OS: Windows, CPU Frequency: 2895 MHz, CPU Physical cores: 16, Host memory: 16555 MB
#-----------------------------------------------------------
start_gui
open_project C:/MyApp/MIPSCPU/MIPSCORE/mipsc/mipsc.xpr
WARNING: [Board 49-26] cannot add Board Part xilinx.com:kc705:part0:1.6 available at C:/MyApp/vivado/Vivado/2022.1/data/xhub/boards/XilinxBoardStore/boards/Xilinx/kc705/1.6/board.xml as part xc7k325tffg900-2 specified in board_part file is either invalid or not available
WARNING: [Board 49-26] cannot add Board Part xilinx.com:kcu105:part0:1.6 available at C:/MyApp/vivado/Vivado/2022.1/data/xhub/boards/XilinxBoardStore/boards/Xilinx/kcu105/1.6/board.xml as part xcku040-ffva1156-2-e specified in board_part file is either invalid or not available
WARNING: [Board 49-26] cannot add Board Part xilinx.com:kcu105:part0:1.7 available at C:/MyApp/vivado/Vivado/2022.1/data/xhub/boards/XilinxBoardStore/boards/Xilinx/kcu105/1.7/board.xml as part xcku040-ffva1156-2-e specified in board_part file is either invalid or not available
WARNING: [Board 49-26] cannot add Board Part xilinx.com:kcu1500:part0:1.2 available at C:/MyApp/vivado/Vivado/2022.1/data/xhub/boards/XilinxBoardStore/boards/Xilinx/kcu1500/1.2/board.xml as part xcku115-flvb2104-2-e specified in board_part file is either invalid or not available
WARNING: [Board 49-26] cannot add Board Part xilinx.com:vc707:part0:1.4 available at C:/MyApp/vivado/Vivado/2022.1/data/xhub/boards/XilinxBoardStore/boards/Xilinx/vc707/1.4/board.xml as part xc7vx485tffg1761-2 specified in board_part file is either invalid or not available
WARNING: [Board 49-26] cannot add Board Part xilinx.com:vc709:part0:1.8 available at C:/MyApp/vivado/Vivado/2022.1/data/xhub/boards/XilinxBoardStore/boards/Xilinx/vc709/1.8/board.xml as part xc7vx690tffg1761-2 specified in board_part file is either invalid or not available
WARNING: [Board 49-26] cannot add Board Part xilinx.com:vck190:part0:2.2 available at C:/MyApp/vivado/Vivado/2022.1/data/xhub/boards/XilinxBoardStore/boards/Xilinx/vck190/production/2.2/board.xml as part xcvc1902-vsva2197-2mp-e-s specified in board_part file is either invalid or not available
WARNING: [Board 49-26] cannot add Board Part xilinx.com:vck190:part0:3.0 available at C:/MyApp/vivado/Vivado/2022.1/data/xhub/boards/XilinxBoardStore/boards/Xilinx/vck190/production/3.0/board.xml as part xcvc1902-vsva2197-2mp-e-s specified in board_part file is either invalid or not available
WARNING: [Board 49-26] cannot add Board Part xilinx.com:vck190_newl:part0:1.0 available at C:/MyApp/vivado/Vivado/2022.1/data/xhub/boards/XilinxBoardStore/boards/Xilinx/vck190_newl/production/1.0/board.xml as part xcvc1902-vsva2197-2mp-e-s specified in board_part file is either invalid or not available
WARNING: [Board 49-26] cannot add Board Part xilinx.com:vcu108:part0:1.6 available at C:/MyApp/vivado/Vivado/2022.1/data/xhub/boards/XilinxBoardStore/boards/Xilinx/vcu108/1.6/board.xml as part xcvu095-ffva2104-2-e specified in board_part file is either invalid or not available
WARNING: [Board 49-26] cannot add Board Part xilinx.com:vcu108:part0:1.7 available at C:/MyApp/vivado/Vivado/2022.1/data/xhub/boards/XilinxBoardStore/boards/Xilinx/vcu108/1.7/board.xml as part xcvu095-ffva2104-2-e specified in board_part file is either invalid or not available
WARNING: [Board 49-26] cannot add Board Part xilinx.com:vcu110:part0:1.4 available at C:/MyApp/vivado/Vivado/2022.1/data/xhub/boards/XilinxBoardStore/boards/Xilinx/vcu110/1.4/board.xml as part xcvu190-flgc2104-2-e specified in board_part file is either invalid or not available
WARNING: [Board 49-26] cannot add Board Part xilinx.com:vcu118:part0:2.0 available at C:/MyApp/vivado/Vivado/2022.1/data/xhub/boards/XilinxBoardStore/boards/Xilinx/vcu118/2.0/board.xml as part xcvu9p-flga2104-2l-e specified in board_part file is either invalid or not available
WARNING: [Board 49-26] cannot add Board Part xilinx.com:vcu118:part0:2.3 available at C:/MyApp/vivado/Vivado/2022.1/data/xhub/boards/XilinxBoardStore/boards/Xilinx/vcu118/2.3/board.xml as part xcvu9p-flga2104-2l-e specified in board_part file is either invalid or not available
WARNING: [Board 49-26] cannot add Board Part xilinx.com:vcu118:part0:2.4 available at C:/MyApp/vivado/Vivado/2022.1/data/xhub/boards/XilinxBoardStore/boards/Xilinx/vcu118/2.4/board.xml as part xcvu9p-flga2104-2l-e specified in board_part file is either invalid or not available
WARNING: [Board 49-26] cannot add Board Part xilinx.com:vcu128:part0:1.0 available at C:/MyApp/vivado/Vivado/2022.1/data/xhub/boards/XilinxBoardStore/boards/Xilinx/vcu128/production/1.0/board.xml as part xcvu37p-fsvh2892-2l-e specified in board_part file is either invalid or not available
WARNING: [Board 49-26] cannot add Board Part xilinx.com:vcu129:part0:1.0 available at C:/MyApp/vivado/Vivado/2022.1/data/xhub/boards/XilinxBoardStore/boards/Xilinx/vcu129/production/1.0/board.xml as part xcvu29p-fsga2577-2l-e specified in board_part file is either invalid or not available
WARNING: [Board 49-26] cannot add Board Part xilinx.com:vcu1525:part0:1.3 available at C:/MyApp/vivado/Vivado/2022.1/data/xhub/boards/XilinxBoardStore/boards/Xilinx/vcu1525/1.3/board.xml as part xcvu9p-fsgd2104-2l-e specified in board_part file is either invalid or not available
WARNING: [Board 49-26] cannot add Board Part xilinx.com:vermeo_t1_mpsoc:part0:1.0 available at C:/MyApp/vivado/Vivado/2022.1/data/xhub/boards/XilinxBoardStore/boards/Xilinx/vermeo_t1_mpsoc/1.0/board.xml as part xczu19eg-ffvd1760-2l-e specified in board_part file is either invalid or not available
WARNING: [Board 49-26] cannot add Board Part xilinx.com:vermeo_t1_rfsoc:part0:1.0 available at C:/MyApp/vivado/Vivado/2022.1/data/xhub/boards/XilinxBoardStore/boards/Xilinx/vermeo_t1_rfsoc/1.0/board.xml as part xczu21dr-ffvd1156-2l-e specified in board_part file is either invalid or not available
WARNING: [Board 49-26] cannot add Board Part xilinx.com:vmk180:part0:2.2 available at C:/MyApp/vivado/Vivado/2022.1/data/xhub/boards/XilinxBoardStore/boards/Xilinx/vmk180/production/2.2/board.xml as part xcvm1802-vsva2197-2mp-e-s specified in board_part file is either invalid or not available
WARNING: [Board 49-26] cannot add Board Part xilinx.com:vmk180:part0:3.0 available at C:/MyApp/vivado/Vivado/2022.1/data/xhub/boards/XilinxBoardStore/boards/Xilinx/vmk180/production/3.0/board.xml as part xcvm1802-vsva2197-2mp-e-s specified in board_part file is either invalid or not available
WARNING: [Board 49-26] cannot add Board Part xilinx.com:vmk180_newl:part0:1.0 available at C:/MyApp/vivado/Vivado/2022.1/data/xhub/boards/XilinxBoardStore/boards/Xilinx/vmk180_newl/production/1.0/board.xml as part xcvm1802-vsva2197-2mp-e-s specified in board_part file is either invalid or not available
WARNING: [Board 49-26] cannot add Board Part xilinx.com:vpk120_es:part0:1.2 available at C:/MyApp/vivado/Vivado/2022.1/data/xhub/boards/XilinxBoardStore/boards/Xilinx/vpk120/es/1.2/board.xml as part xcvp1202-vsva2785-2mp-e-s-es1 specified in board_part file is either invalid or not available
WARNING: [Board 49-26] cannot add Board Part xilinx.com:vpk120_es_revb:part0:1.0 available at C:/MyApp/vivado/Vivado/2022.1/data/xhub/boards/XilinxBoardStore/boards/Xilinx/vpk120_revb/es/1.0/board.xml as part xcvp1202-vsva2785-2mp-e-s-es1 specified in board_part file is either invalid or not available
WARNING: [Board 49-26] cannot add Board Part xilinx.com:zc706:part0:1.4 available at C:/MyApp/vivado/Vivado/2022.1/data/xhub/boards/XilinxBoardStore/boards/Xilinx/zc706/1.4/board.xml as part xc7z045ffg900-2 specified in board_part file is either invalid or not available
WARNING: [Board 49-26] cannot add Board Part xilinx.com:zcu102:part0:3.3 available at C:/MyApp/vivado/Vivado/2022.1/data/xhub/boards/XilinxBoardStore/boards/Xilinx/zcu102/3.3/board.xml as part xczu9eg-ffvb1156-2-e specified in board_part file is either invalid or not available
WARNING: [Board 49-26] cannot add Board Part xilinx.com:zcu102:part0:3.4 available at C:/MyApp/vivado/Vivado/2022.1/data/xhub/boards/XilinxBoardStore/boards/Xilinx/zcu102/3.4/board.xml as part xczu9eg-ffvb1156-2-e specified in board_part file is either invalid or not available
WARNING: [Board 49-26] cannot add Board Part xilinx.com:zcu111:part0:1.2 available at C:/MyApp/vivado/Vivado/2022.1/data/xhub/boards/XilinxBoardStore/boards/Xilinx/zcu111/1.2/board.xml as part xczu28dr-ffvg1517-2-e specified in board_part file is either invalid or not available
WARNING: [Board 49-26] cannot add Board Part xilinx.com:zcu111:part0:1.3 available at C:/MyApp/vivado/Vivado/2022.1/data/xhub/boards/XilinxBoardStore/boards/Xilinx/zcu111/1.3/board.xml as part xczu28dr-ffvg1517-2-e specified in board_part file is either invalid or not available
WARNING: [Board 49-26] cannot add Board Part xilinx.com:zcu111:part0:1.4 available at C:/MyApp/vivado/Vivado/2022.1/data/xhub/boards/XilinxBoardStore/boards/Xilinx/zcu111/1.4/board.xml as part xczu28dr-ffvg1517-2-e specified in board_part file is either invalid or not available
WARNING: [Board 49-26] cannot add Board Part xilinx.com:zcu1275:part0:1.0 available at C:/MyApp/vivado/Vivado/2022.1/data/xhub/boards/XilinxBoardStore/boards/Xilinx/zcu1275/1.0/board.xml as part xczu29dr-ffvf1760-2-e specified in board_part file is either invalid or not available
WARNING: [Board 49-26] cannot add Board Part xilinx.com:zcu1285:part0:1.0 available at C:/MyApp/vivado/Vivado/2022.1/data/xhub/boards/XilinxBoardStore/boards/Xilinx/zcu1285/1.0/board.xml as part xczu39dr-ffvf1760-2-i specified in board_part file is either invalid or not available
WARNING: [Board 49-26] cannot add Board Part xilinx.com:zcu208:part0:2.0 available at C:/MyApp/vivado/Vivado/2022.1/data/xhub/boards/XilinxBoardStore/boards/Xilinx/zcu208/production/2.0/board.xml as part xczu48dr-fsvg1517-2-e specified in board_part file is either invalid or not available
WARNING: [Board 49-26] cannot add Board Part xilinx.com:zcu208ld:part0:2.0 available at C:/MyApp/vivado/Vivado/2022.1/data/xhub/boards/XilinxBoardStore/boards/Xilinx/zcu208ld/production/2.0/board.xml as part xczu58dr-fsvg1517-2-i specified in board_part file is either invalid or not available
WARNING: [Board 49-26] cannot add Board Part xilinx.com:zcu216:part0:2.0 available at C:/MyApp/vivado/Vivado/2022.1/data/xhub/boards/XilinxBoardStore/boards/Xilinx/zcu216/production/2.0/board.xml as part xczu49dr-ffvf1760-2-e specified in board_part file is either invalid or not available
WARNING: [Board 49-26] cannot add Board Part xilinx.com:zcu216ld:part0:2.0 available at C:/MyApp/vivado/Vivado/2022.1/data/xhub/boards/XilinxBoardStore/boards/Xilinx/zcu216ld/production/2.0/board.xml as part xczu59dr-ffvf1760-2-i specified in board_part file is either invalid or not available
WARNING: [Board 49-26] cannot add Board Part xilinx.com:zcu670:part0:2.0 available at C:/MyApp/vivado/Vivado/2022.1/data/xhub/boards/XilinxBoardStore/boards/Xilinx/zcu670/2.0/board.xml as part xczu67dr-fsve1156-2-i specified in board_part file is either invalid or not available
WARNING: [Board 49-26] cannot add Board Part xilinx.com:zcu670ld:part0:1.0 available at C:/MyApp/vivado/Vivado/2022.1/data/xhub/boards/XilinxBoardStore/boards/Xilinx/zcu670ld/1.0/board.xml as part xczu57dr-fsve1156-2-i specified in board_part file is either invalid or not available
INFO: [filemgmt 56-3] Default IP Output Path : Could not find the directory 'C:/MyApp/MIPSCPU/MIPSCORE/mipsc/mipsc.gen/sources_1'.
Scanning sources...
Finished scanning sources
INFO: [IP_Flow 19-234] Refreshing IP repositories
INFO: [IP_Flow 19-1704] No user IP repositories specified
INFO: [IP_Flow 19-2313] Loaded Vivado IP repository 'C:/MyApp/vivado/Vivado/2022.1/data/ip'.
open_project: Time (s): cpu = 00:00:16 ; elapsed = 00:00:07 . Memory (MB): peak = 1612.176 ; gain = 0.000
update_compile_order -fileset sources_1
reset_run synth_1
launch_runs synth_1 -jobs 8
WARNING: [Vivado 12-7122] Auto Incremental Compile:: No reference checkpoint was found in run synth_1. Auto-incremental flow will not be run, the standard flow will be run instead.
[Thu Dec  1 15:18:07 2022] Launched synth_1...
Run output will be captured here: C:/MyApp/MIPSCPU/MIPSCORE/mipsc/mipsc.runs/synth_1/runme.log
reset_run synth_1
launch_runs synth_1 -jobs 8
WARNING: [Vivado 12-7122] Auto Incremental Compile:: No reference checkpoint was found in run synth_1. Auto-incremental flow will not be run, the standard flow will be run instead.
[Thu Dec  1 15:21:50 2022] Launched synth_1...
Run output will be captured here: C:/MyApp/MIPSCPU/MIPSCORE/mipsc/mipsc.runs/synth_1/runme.log
launch_runs impl_1 -jobs 8
[Thu Dec  1 15:23:06 2022] Launched impl_1...
Run output will be captured here: C:/MyApp/MIPSCPU/MIPSCORE/mipsc/mipsc.runs/impl_1/runme.log
launch_runs impl_1 -to_step write_bitstream -jobs 8
[Thu Dec  1 15:24:37 2022] Launched impl_1...
Run output will be captured here: C:/MyApp/MIPSCPU/MIPSCORE/mipsc/mipsc.runs/impl_1/runme.log
synth_design -rtl -rtl_skip_mlo -name rtl_1
Command: synth_design -rtl -rtl_skip_mlo -name rtl_1
Starting synth_design
Using part: xc7a35tcsg324-1
Top: CoreMin
INFO: [Device 21-403] Loading part xc7a35tcsg324-1
WARNING: [Synth 8-1849] concatenation with unsized literal; will interpret as 32 bits [C:/MyApp/MIPSCPU/MIPSCORE/mipsc/mipsc.srcs/sources_1/new/DIV.v:45]
---------------------------------------------------------------------------------
Starting RTL Elaboration : Time (s): cpu = 00:00:05 ; elapsed = 00:00:05 . Memory (MB): peak = 1877.875 ; gain = 265.699
---------------------------------------------------------------------------------
INFO: [Synth 8-6157] synthesizing module 'CoreMin' [C:/MyApp/MIPSCPU/MIPSCORE/mipsc/mipsc.srcs/sources_1/new/CoreMin.v:23]
INFO: [Synth 8-6157] synthesizing module 'Core' [C:/MyApp/MIPSCPU/MIPSCORE/mipsc/mipsc.srcs/sources_1/new/Core.v:23]
INFO: [Synth 8-6157] synthesizing module 'PC' [C:/MyApp/MIPSCPU/MIPSCORE/mipsc/mipsc.srcs/sources_1/new/PC.v:23]
INFO: [Synth 8-6155] done synthesizing module 'PC' (0#1) [C:/MyApp/MIPSCPU/MIPSCORE/mipsc/mipsc.srcs/sources_1/new/PC.v:23]
INFO: [Synth 8-6157] synthesizing module 'IFtoID' [C:/MyApp/MIPSCPU/MIPSCORE/mipsc/mipsc.srcs/sources_1/new/IFtoID.v:23]
INFO: [Synth 8-6155] done synthesizing module 'IFtoID' (0#1) [C:/MyApp/MIPSCPU/MIPSCORE/mipsc/mipsc.srcs/sources_1/new/IFtoID.v:23]
INFO: [Synth 8-6157] synthesizing module 'ID' [C:/MyApp/MIPSCPU/MIPSCORE/mipsc/mipsc.srcs/sources_1/new/ID.v:23]
INFO: [Synth 8-6155] done synthesizing module 'ID' (0#1) [C:/MyApp/MIPSCPU/MIPSCORE/mipsc/mipsc.srcs/sources_1/new/ID.v:23]
INFO: [Synth 8-6157] synthesizing module 'REGISTERS' [C:/MyApp/MIPSCPU/MIPSCORE/mipsc/mipsc.srcs/sources_1/new/REGISTERS.v:23]
INFO: [Synth 8-6155] done synthesizing module 'REGISTERS' (0#1) [C:/MyApp/MIPSCPU/MIPSCORE/mipsc/mipsc.srcs/sources_1/new/REGISTERS.v:23]
INFO: [Synth 8-6157] synthesizing module 'IDtoEX' [C:/MyApp/MIPSCPU/MIPSCORE/mipsc/mipsc.srcs/sources_1/new/IDtoEX.v:24]
INFO: [Synth 8-6155] done synthesizing module 'IDtoEX' (0#1) [C:/MyApp/MIPSCPU/MIPSCORE/mipsc/mipsc.srcs/sources_1/new/IDtoEX.v:24]
INFO: [Synth 8-6157] synthesizing module 'EX' [C:/MyApp/MIPSCPU/MIPSCORE/mipsc/mipsc.srcs/sources_1/new/EX.v:23]
INFO: [Synth 8-6155] done synthesizing module 'EX' (0#1) [C:/MyApp/MIPSCPU/MIPSCORE/mipsc/mipsc.srcs/sources_1/new/EX.v:23]
INFO: [Synth 8-6157] synthesizing module 'EXtoMEM' [C:/MyApp/MIPSCPU/MIPSCORE/mipsc/mipsc.srcs/sources_1/new/EXtoMEM.v:24]
INFO: [Synth 8-6155] done synthesizing module 'EXtoMEM' (0#1) [C:/MyApp/MIPSCPU/MIPSCORE/mipsc/mipsc.srcs/sources_1/new/EXtoMEM.v:24]
INFO: [Synth 8-6157] synthesizing module 'MEM' [C:/MyApp/MIPSCPU/MIPSCORE/mipsc/mipsc.srcs/sources_1/new/MEM.v:23]
INFO: [Synth 8-226] default block is never used [C:/MyApp/MIPSCPU/MIPSCORE/mipsc/mipsc.srcs/sources_1/new/MEM.v:239]
INFO: [Synth 8-226] default block is never used [C:/MyApp/MIPSCPU/MIPSCORE/mipsc/mipsc.srcs/sources_1/new/MEM.v:265]
INFO: [Synth 8-226] default block is never used [C:/MyApp/MIPSCPU/MIPSCORE/mipsc/mipsc.srcs/sources_1/new/MEM.v:381]
INFO: [Synth 8-226] default block is never used [C:/MyApp/MIPSCPU/MIPSCORE/mipsc/mipsc.srcs/sources_1/new/MEM.v:481]
INFO: [Synth 8-6155] done synthesizing module 'MEM' (0#1) [C:/MyApp/MIPSCPU/MIPSCORE/mipsc/mipsc.srcs/sources_1/new/MEM.v:23]
INFO: [Synth 8-6157] synthesizing module 'MEMtoWB' [C:/MyApp/MIPSCPU/MIPSCORE/mipsc/mipsc.srcs/sources_1/new/MEMtoWB.v:23]
INFO: [Synth 8-6155] done synthesizing module 'MEMtoWB' (0#1) [C:/MyApp/MIPSCPU/MIPSCORE/mipsc/mipsc.srcs/sources_1/new/MEMtoWB.v:23]
INFO: [Synth 8-6157] synthesizing module 'LLbit' [C:/MyApp/MIPSCPU/MIPSCORE/mipsc/mipsc.srcs/sources_1/new/LLbit.v:23]
INFO: [Synth 8-6155] done synthesizing module 'LLbit' (0#1) [C:/MyApp/MIPSCPU/MIPSCORE/mipsc/mipsc.srcs/sources_1/new/LLbit.v:23]
INFO: [Synth 8-6157] synthesizing module 'HiLo' [C:/MyApp/MIPSCPU/MIPSCORE/mipsc/mipsc.srcs/sources_1/new/HiLo.v:23]
INFO: [Synth 8-6155] done synthesizing module 'HiLo' (0#1) [C:/MyApp/MIPSCPU/MIPSCORE/mipsc/mipsc.srcs/sources_1/new/HiLo.v:23]
INFO: [Synth 8-6157] synthesizing module 'Ctrl' [C:/MyApp/MIPSCPU/MIPSCORE/mipsc/mipsc.srcs/sources_1/new/Ctrl.v:23]
INFO: [Synth 8-6155] done synthesizing module 'Ctrl' (0#1) [C:/MyApp/MIPSCPU/MIPSCORE/mipsc/mipsc.srcs/sources_1/new/Ctrl.v:23]
INFO: [Synth 8-6157] synthesizing module 'DIV' [C:/MyApp/MIPSCPU/MIPSCORE/mipsc/mipsc.srcs/sources_1/new/DIV.v:23]
INFO: [Synth 8-6155] done synthesizing module 'DIV' (0#1) [C:/MyApp/MIPSCPU/MIPSCORE/mipsc/mipsc.srcs/sources_1/new/DIV.v:23]
INFO: [Synth 8-6157] synthesizing module 'CP0' [C:/MyApp/MIPSCPU/MIPSCORE/mipsc/mipsc.srcs/sources_1/new/CP0.v:23]
INFO: [Synth 8-155] case statement is not full and has no default [C:/MyApp/MIPSCPU/MIPSCORE/mipsc/mipsc.srcs/sources_1/new/CP0.v:74]
INFO: [Synth 8-6155] done synthesizing module 'CP0' (0#1) [C:/MyApp/MIPSCPU/MIPSCORE/mipsc/mipsc.srcs/sources_1/new/CP0.v:23]
INFO: [Synth 8-6155] done synthesizing module 'Core' (0#1) [C:/MyApp/MIPSCPU/MIPSCORE/mipsc/mipsc.srcs/sources_1/new/Core.v:23]
INFO: [Synth 8-6157] synthesizing module 'InsRom' [C:/MyApp/MIPSCPU/MIPSCORE/mipsc/mipsc.srcs/sources_1/new/InsRom.v:23]
INFO: [Synth 8-3876] $readmem data file 'C:/MyApp/MIPSCPU/MIPSCORE/mipsc/inst_rom.data' is read successfully [C:/MyApp/MIPSCPU/MIPSCORE/mipsc/mipsc.srcs/sources_1/new/InsRom.v:30]
INFO: [Synth 8-6155] done synthesizing module 'InsRom' (0#1) [C:/MyApp/MIPSCPU/MIPSCORE/mipsc/mipsc.srcs/sources_1/new/InsRom.v:23]
INFO: [Synth 8-6157] synthesizing module 'DatRam' [C:/MyApp/MIPSCPU/MIPSCORE/mipsc/mipsc.srcs/sources_1/new/DatRam.v:23]
INFO: [Synth 8-3876] $readmem data file 'C:/MyApp/MIPSCPU/MIPSCORE/mipsc/data_ram.data' is read successfully [C:/MyApp/MIPSCPU/MIPSCORE/mipsc/mipsc.srcs/sources_1/new/DatRam.v:37]
INFO: [Synth 8-6155] done synthesizing module 'DatRam' (0#1) [C:/MyApp/MIPSCPU/MIPSCORE/mipsc/mipsc.srcs/sources_1/new/DatRam.v:23]
INFO: [Synth 8-6155] done synthesizing module 'CoreMin' (0#1) [C:/MyApp/MIPSCPU/MIPSCORE/mipsc/mipsc.srcs/sources_1/new/CoreMin.v:23]
WARNING: [Synth 8-6014] Unused sequential element temp_op1_reg was removed.  [C:/MyApp/MIPSCPU/MIPSCORE/mipsc/mipsc.srcs/sources_1/new/DIV.v:66]
WARNING: [Synth 8-3848] Net inst_mem[27] in module/entity InsRom does not have driver. [C:/MyApp/MIPSCPU/MIPSCORE/mipsc/mipsc.srcs/sources_1/new/InsRom.v:28]
WARNING: [Synth 8-3848] Net inst_mem[28] in module/entity InsRom does not have driver. [C:/MyApp/MIPSCPU/MIPSCORE/mipsc/mipsc.srcs/sources_1/new/InsRom.v:28]
WARNING: [Synth 8-3848] Net inst_mem[29] in module/entity InsRom does not have driver. [C:/MyApp/MIPSCPU/MIPSCORE/mipsc/mipsc.srcs/sources_1/new/InsRom.v:28]
WARNING: [Synth 8-3848] Net inst_mem[30] in module/entity InsRom does not have driver. [C:/MyApp/MIPSCPU/MIPSCORE/mipsc/mipsc.srcs/sources_1/new/InsRom.v:28]
WARNING: [Synth 8-3848] Net inst_mem[31] in module/entity InsRom does not have driver. [C:/MyApp/MIPSCPU/MIPSCORE/mipsc/mipsc.srcs/sources_1/new/InsRom.v:28]
WARNING: [Synth 8-3848] Net inst_mem[32] in module/entity InsRom does not have driver. [C:/MyApp/MIPSCPU/MIPSCORE/mipsc/mipsc.srcs/sources_1/new/InsRom.v:28]
WARNING: [Synth 8-3848] Net inst_mem[33] in module/entity InsRom does not have driver. [C:/MyApp/MIPSCPU/MIPSCORE/mipsc/mipsc.srcs/sources_1/new/InsRom.v:28]
WARNING: [Synth 8-3848] Net inst_mem[34] in module/entity InsRom does not have driver. [C:/MyApp/MIPSCPU/MIPSCORE/mipsc/mipsc.srcs/sources_1/new/InsRom.v:28]
WARNING: [Synth 8-3848] Net inst_mem[35] in module/entity InsRom does not have driver. [C:/MyApp/MIPSCPU/MIPSCORE/mipsc/mipsc.srcs/sources_1/new/InsRom.v:28]
WARNING: [Synth 8-3848] Net inst_mem[36] in module/entity InsRom does not have driver. [C:/MyApp/MIPSCPU/MIPSCORE/mipsc/mipsc.srcs/sources_1/new/InsRom.v:28]
WARNING: [Synth 8-3848] Net inst_mem[37] in module/entity InsRom does not have driver. [C:/MyApp/MIPSCPU/MIPSCORE/mipsc/mipsc.srcs/sources_1/new/InsRom.v:28]
WARNING: [Synth 8-3848] Net inst_mem[38] in module/entity InsRom does not have driver. [C:/MyApp/MIPSCPU/MIPSCORE/mipsc/mipsc.srcs/sources_1/new/InsRom.v:28]
WARNING: [Synth 8-3848] Net inst_mem[39] in module/entity InsRom does not have driver. [C:/MyApp/MIPSCPU/MIPSCORE/mipsc/mipsc.srcs/sources_1/new/InsRom.v:28]
WARNING: [Synth 8-3848] Net inst_mem[40] in module/entity InsRom does not have driver. [C:/MyApp/MIPSCPU/MIPSCORE/mipsc/mipsc.srcs/sources_1/new/InsRom.v:28]
WARNING: [Synth 8-3848] Net inst_mem[41] in module/entity InsRom does not have driver. [C:/MyApp/MIPSCPU/MIPSCORE/mipsc/mipsc.srcs/sources_1/new/InsRom.v:28]
WARNING: [Synth 8-3848] Net inst_mem[42] in module/entity InsRom does not have driver. [C:/MyApp/MIPSCPU/MIPSCORE/mipsc/mipsc.srcs/sources_1/new/InsRom.v:28]
WARNING: [Synth 8-3848] Net inst_mem[43] in module/entity InsRom does not have driver. [C:/MyApp/MIPSCPU/MIPSCORE/mipsc/mipsc.srcs/sources_1/new/InsRom.v:28]
WARNING: [Synth 8-3848] Net inst_mem[44] in module/entity InsRom does not have driver. [C:/MyApp/MIPSCPU/MIPSCORE/mipsc/mipsc.srcs/sources_1/new/InsRom.v:28]
WARNING: [Synth 8-3848] Net inst_mem[45] in module/entity InsRom does not have driver. [C:/MyApp/MIPSCPU/MIPSCORE/mipsc/mipsc.srcs/sources_1/new/InsRom.v:28]
WARNING: [Synth 8-3848] Net inst_mem[46] in module/entity InsRom does not have driver. [C:/MyApp/MIPSCPU/MIPSCORE/mipsc/mipsc.srcs/sources_1/new/InsRom.v:28]
WARNING: [Synth 8-3848] Net inst_mem[47] in module/entity InsRom does not have driver. [C:/MyApp/MIPSCPU/MIPSCORE/mipsc/mipsc.srcs/sources_1/new/InsRom.v:28]
WARNING: [Synth 8-3848] Net inst_mem[48] in module/entity InsRom does not have driver. [C:/MyApp/MIPSCPU/MIPSCORE/mipsc/mipsc.srcs/sources_1/new/InsRom.v:28]
WARNING: [Synth 8-3848] Net inst_mem[49] in module/entity InsRom does not have driver. [C:/MyApp/MIPSCPU/MIPSCORE/mipsc/mipsc.srcs/sources_1/new/InsRom.v:28]
WARNING: [Synth 8-3848] Net inst_mem[50] in module/entity InsRom does not have driver. [C:/MyApp/MIPSCPU/MIPSCORE/mipsc/mipsc.srcs/sources_1/new/InsRom.v:28]
WARNING: [Synth 8-3848] Net inst_mem[51] in module/entity InsRom does not have driver. [C:/MyApp/MIPSCPU/MIPSCORE/mipsc/mipsc.srcs/sources_1/new/InsRom.v:28]
WARNING: [Synth 8-3848] Net inst_mem[52] in module/entity InsRom does not have driver. [C:/MyApp/MIPSCPU/MIPSCORE/mipsc/mipsc.srcs/sources_1/new/InsRom.v:28]
WARNING: [Synth 8-3848] Net inst_mem[53] in module/entity InsRom does not have driver. [C:/MyApp/MIPSCPU/MIPSCORE/mipsc/mipsc.srcs/sources_1/new/InsRom.v:28]
WARNING: [Synth 8-3848] Net inst_mem[54] in module/entity InsRom does not have driver. [C:/MyApp/MIPSCPU/MIPSCORE/mipsc/mipsc.srcs/sources_1/new/InsRom.v:28]
WARNING: [Synth 8-3848] Net inst_mem[55] in module/entity InsRom does not have driver. [C:/MyApp/MIPSCPU/MIPSCORE/mipsc/mipsc.srcs/sources_1/new/InsRom.v:28]
WARNING: [Synth 8-3848] Net inst_mem[56] in module/entity InsRom does not have driver. [C:/MyApp/MIPSCPU/MIPSCORE/mipsc/mipsc.srcs/sources_1/new/InsRom.v:28]
WARNING: [Synth 8-3848] Net inst_mem[57] in module/entity InsRom does not have driver. [C:/MyApp/MIPSCPU/MIPSCORE/mipsc/mipsc.srcs/sources_1/new/InsRom.v:28]
WARNING: [Synth 8-3848] Net inst_mem[58] in module/entity InsRom does not have driver. [C:/MyApp/MIPSCPU/MIPSCORE/mipsc/mipsc.srcs/sources_1/new/InsRom.v:28]
WARNING: [Synth 8-3848] Net inst_mem[59] in module/entity InsRom does not have driver. [C:/MyApp/MIPSCPU/MIPSCORE/mipsc/mipsc.srcs/sources_1/new/InsRom.v:28]
WARNING: [Synth 8-3848] Net inst_mem[60] in module/entity InsRom does not have driver. [C:/MyApp/MIPSCPU/MIPSCORE/mipsc/mipsc.srcs/sources_1/new/InsRom.v:28]
WARNING: [Synth 8-3848] Net inst_mem[61] in module/entity InsRom does not have driver. [C:/MyApp/MIPSCPU/MIPSCORE/mipsc/mipsc.srcs/sources_1/new/InsRom.v:28]
WARNING: [Synth 8-3848] Net inst_mem[62] in module/entity InsRom does not have driver. [C:/MyApp/MIPSCPU/MIPSCORE/mipsc/mipsc.srcs/sources_1/new/InsRom.v:28]
WARNING: [Synth 8-3848] Net inst_mem[63] in module/entity InsRom does not have driver. [C:/MyApp/MIPSCPU/MIPSCORE/mipsc/mipsc.srcs/sources_1/new/InsRom.v:28]
WARNING: [Synth 8-3917] design CoreMin has port an[3] driven by constant 0
WARNING: [Synth 8-7129] Port addr[31] in module DatRam is either unconnected or has no load
WARNING: [Synth 8-7129] Port addr[30] in module DatRam is either unconnected or has no load
WARNING: [Synth 8-7129] Port addr[29] in module DatRam is either unconnected or has no load
WARNING: [Synth 8-7129] Port addr[28] in module DatRam is either unconnected or has no load
WARNING: [Synth 8-7129] Port addr[27] in module DatRam is either unconnected or has no load
WARNING: [Synth 8-7129] Port addr[26] in module DatRam is either unconnected or has no load
WARNING: [Synth 8-7129] Port addr[25] in module DatRam is either unconnected or has no load
WARNING: [Synth 8-7129] Port addr[24] in module DatRam is either unconnected or has no load
WARNING: [Synth 8-7129] Port addr[23] in module DatRam is either unconnected or has no load
WARNING: [Synth 8-7129] Port addr[22] in module DatRam is either unconnected or has no load
WARNING: [Synth 8-7129] Port addr[21] in module DatRam is either unconnected or has no load
WARNING: [Synth 8-7129] Port addr[20] in module DatRam is either unconnected or has no load
WARNING: [Synth 8-7129] Port addr[19] in module DatRam is either unconnected or has no load
WARNING: [Synth 8-7129] Port addr[18] in module DatRam is either unconnected or has no load
WARNING: [Synth 8-7129] Port addr[17] in module DatRam is either unconnected or has no load
WARNING: [Synth 8-7129] Port addr[16] in module DatRam is either unconnected or has no load
WARNING: [Synth 8-7129] Port addr[15] in module DatRam is either unconnected or has no load
WARNING: [Synth 8-7129] Port addr[14] in module DatRam is either unconnected or has no load
WARNING: [Synth 8-7129] Port addr[13] in module DatRam is either unconnected or has no load
WARNING: [Synth 8-7129] Port addr[12] in module DatRam is either unconnected or has no load
WARNING: [Synth 8-7129] Port addr[11] in module DatRam is either unconnected or has no load
WARNING: [Synth 8-7129] Port addr[10] in module DatRam is either unconnected or has no load
WARNING: [Synth 8-7129] Port addr[9] in module DatRam is either unconnected or has no load
WARNING: [Synth 8-7129] Port addr[8] in module DatRam is either unconnected or has no load
WARNING: [Synth 8-7129] Port addr[1] in module DatRam is either unconnected or has no load
WARNING: [Synth 8-7129] Port addr[0] in module DatRam is either unconnected or has no load
WARNING: [Synth 8-7129] Port addr[31] in module InsRom is either unconnected or has no load
WARNING: [Synth 8-7129] Port addr[30] in module InsRom is either unconnected or has no load
WARNING: [Synth 8-7129] Port addr[29] in module InsRom is either unconnected or has no load
WARNING: [Synth 8-7129] Port addr[28] in module InsRom is either unconnected or has no load
WARNING: [Synth 8-7129] Port addr[27] in module InsRom is either unconnected or has no load
WARNING: [Synth 8-7129] Port addr[26] in module InsRom is either unconnected or has no load
WARNING: [Synth 8-7129] Port addr[25] in module InsRom is either unconnected or has no load
WARNING: [Synth 8-7129] Port addr[24] in module InsRom is either unconnected or has no load
WARNING: [Synth 8-7129] Port addr[23] in module InsRom is either unconnected or has no load
WARNING: [Synth 8-7129] Port addr[22] in module InsRom is either unconnected or has no load
WARNING: [Synth 8-7129] Port addr[21] in module InsRom is either unconnected or has no load
WARNING: [Synth 8-7129] Port addr[20] in module InsRom is either unconnected or has no load
WARNING: [Synth 8-7129] Port addr[19] in module InsRom is either unconnected or has no load
WARNING: [Synth 8-7129] Port addr[18] in module InsRom is either unconnected or has no load
WARNING: [Synth 8-7129] Port addr[17] in module InsRom is either unconnected or has no load
WARNING: [Synth 8-7129] Port addr[16] in module InsRom is either unconnected or has no load
WARNING: [Synth 8-7129] Port addr[15] in module InsRom is either unconnected or has no load
WARNING: [Synth 8-7129] Port addr[14] in module InsRom is either unconnected or has no load
WARNING: [Synth 8-7129] Port addr[13] in module InsRom is either unconnected or has no load
WARNING: [Synth 8-7129] Port addr[12] in module InsRom is either unconnected or has no load
WARNING: [Synth 8-7129] Port addr[11] in module InsRom is either unconnected or has no load
WARNING: [Synth 8-7129] Port addr[10] in module InsRom is either unconnected or has no load
WARNING: [Synth 8-7129] Port addr[9] in module InsRom is either unconnected or has no load
WARNING: [Synth 8-7129] Port addr[8] in module InsRom is either unconnected or has no load
WARNING: [Synth 8-7129] Port addr[1] in module InsRom is either unconnected or has no load
WARNING: [Synth 8-7129] Port addr[0] in module InsRom is either unconnected or has no load
WARNING: [Synth 8-7129] Port stall[3] in module MEMtoWB is either unconnected or has no load
WARNING: [Synth 8-7129] Port stall[2] in module MEMtoWB is either unconnected or has no load
WARNING: [Synth 8-7129] Port stall[1] in module MEMtoWB is either unconnected or has no load
WARNING: [Synth 8-7129] Port stall[0] in module MEMtoWB is either unconnected or has no load
WARNING: [Synth 8-7129] Port excepttype_i[31] in module MEM is either unconnected or has no load
WARNING: [Synth 8-7129] Port excepttype_i[30] in module MEM is either unconnected or has no load
WARNING: [Synth 8-7129] Port excepttype_i[29] in module MEM is either unconnected or has no load
WARNING: [Synth 8-7129] Port excepttype_i[28] in module MEM is either unconnected or has no load
WARNING: [Synth 8-7129] Port excepttype_i[27] in module MEM is either unconnected or has no load
WARNING: [Synth 8-7129] Port excepttype_i[26] in module MEM is either unconnected or has no load
WARNING: [Synth 8-7129] Port excepttype_i[25] in module MEM is either unconnected or has no load
WARNING: [Synth 8-7129] Port excepttype_i[24] in module MEM is either unconnected or has no load
WARNING: [Synth 8-7129] Port excepttype_i[23] in module MEM is either unconnected or has no load
WARNING: [Synth 8-7129] Port excepttype_i[22] in module MEM is either unconnected or has no load
WARNING: [Synth 8-7129] Port excepttype_i[21] in module MEM is either unconnected or has no load
WARNING: [Synth 8-7129] Port excepttype_i[20] in module MEM is either unconnected or has no load
WARNING: [Synth 8-7129] Port excepttype_i[19] in module MEM is either unconnected or has no load
WARNING: [Synth 8-7129] Port excepttype_i[18] in module MEM is either unconnected or has no load
WARNING: [Synth 8-7129] Port excepttype_i[17] in module MEM is either unconnected or has no load
WARNING: [Synth 8-7129] Port excepttype_i[16] in module MEM is either unconnected or has no load
WARNING: [Synth 8-7129] Port excepttype_i[15] in module MEM is either unconnected or has no load
WARNING: [Synth 8-7129] Port excepttype_i[14] in module MEM is either unconnected or has no load
WARNING: [Synth 8-7129] Port excepttype_i[13] in module MEM is either unconnected or has no load
WARNING: [Synth 8-7129] Port excepttype_i[7] in module MEM is either unconnected or has no load
WARNING: [Synth 8-7129] Port excepttype_i[6] in module MEM is either unconnected or has no load
WARNING: [Synth 8-7129] Port excepttype_i[5] in module MEM is either unconnected or has no load
WARNING: [Synth 8-7129] Port excepttype_i[4] in module MEM is either unconnected or has no load
WARNING: [Synth 8-7129] Port excepttype_i[3] in module MEM is either unconnected or has no load
WARNING: [Synth 8-7129] Port excepttype_i[2] in module MEM is either unconnected or has no load
WARNING: [Synth 8-7129] Port excepttype_i[1] in module MEM is either unconnected or has no load
WARNING: [Synth 8-7129] Port excepttype_i[0] in module MEM is either unconnected or has no load
WARNING: [Synth 8-7129] Port stall[5] in module EXtoMEM is either unconnected or has no load
WARNING: [Synth 8-7129] Port stall[2] in module EXtoMEM is either unconnected or has no load
WARNING: [Synth 8-7129] Port stall[1] in module EXtoMEM is either unconnected or has no load
WARNING: [Synth 8-7129] Port stall[0] in module EXtoMEM is either unconnected or has no load
WARNING: [Synth 8-7129] Port link_address_i[31] in module EX is either unconnected or has no load
WARNING: [Synth 8-7129] Port link_address_i[30] in module EX is either unconnected or has no load
WARNING: [Synth 8-7129] Port link_address_i[29] in module EX is either unconnected or has no load
WARNING: [Synth 8-7129] Port link_address_i[28] in module EX is either unconnected or has no load
WARNING: [Synth 8-7129] Port link_address_i[27] in module EX is either unconnected or has no load
WARNING: [Synth 8-7129] Port link_address_i[26] in module EX is either unconnected or has no load
WARNING: [Synth 8-7129] Port link_address_i[25] in module EX is either unconnected or has no load
WARNING: [Synth 8-7129] Port link_address_i[24] in module EX is either unconnected or has no load
WARNING: [Synth 8-7129] Port link_address_i[23] in module EX is either unconnected or has no load
WARNING: [Synth 8-7129] Port link_address_i[22] in module EX is either unconnected or has no load
WARNING: [Synth 8-7129] Port link_address_i[21] in module EX is either unconnected or has no load
WARNING: [Synth 8-7129] Port link_address_i[20] in module EX is either unconnected or has no load
WARNING: [Synth 8-7129] Port link_address_i[19] in module EX is either unconnected or has no load
INFO: [Common 17-14] Message 'Synth 8-7129' appears 100 times and further instances of the messages will be disabled. Use the Tcl command set_msg_config to change the current settings.
---------------------------------------------------------------------------------
Finished RTL Elaboration : Time (s): cpu = 00:00:08 ; elapsed = 00:00:07 . Memory (MB): peak = 1980.273 ; gain = 368.098
---------------------------------------------------------------------------------
---------------------------------------------------------------------------------
Start Handling Custom Attributes
---------------------------------------------------------------------------------
---------------------------------------------------------------------------------
Finished Handling Custom Attributes : Time (s): cpu = 00:00:08 ; elapsed = 00:00:08 . Memory (MB): peak = 1980.273 ; gain = 368.098
---------------------------------------------------------------------------------
---------------------------------------------------------------------------------
Finished RTL Optimization Phase 1 : Time (s): cpu = 00:00:08 ; elapsed = 00:00:08 . Memory (MB): peak = 1980.273 ; gain = 368.098
---------------------------------------------------------------------------------
Netlist sorting complete. Time (s): cpu = 00:00:00 ; elapsed = 00:00:00.133 . Memory (MB): peak = 1980.273 ; gain = 0.000
INFO: [Project 1-570] Preparing netlist for logic optimization

Processing XDC Constraints
Initializing timing engine
Parsing XDC File [C:/MyApp/MIPSCPU/MIPSCORE/mipsc/mipsc.srcs/constrs_1/imports/new/FPGAOL.xdc]
Finished Parsing XDC File [C:/MyApp/MIPSCPU/MIPSCORE/mipsc/mipsc.srcs/constrs_1/imports/new/FPGAOL.xdc]
Completed Processing XDC Constraints

Netlist sorting complete. Time (s): cpu = 00:00:00 ; elapsed = 00:00:00.001 . Memory (MB): peak = 2056.887 ; gain = 0.000
INFO: [Project 1-111] Unisim Transformation Summary:
No Unisim elements were transformed.

RTL Elaboration Complete:  : Time (s): cpu = 00:00:19 ; elapsed = 00:00:12 . Memory (MB): peak = 2169.789 ; gain = 557.613
47 Infos, 140 Warnings, 0 Critical Warnings and 0 Errors encountered.
synth_design completed successfully
synth_design: Time (s): cpu = 00:00:22 ; elapsed = 00:00:16 . Memory (MB): peak = 2169.789 ; gain = 557.613
exit
INFO: [Common 17-206] Exiting Vivado at Thu Dec  1 19:19:02 2022...
